This is pdfTeX, Version 3.1415926-1.40.11 (MiKTeX 2.9) (preloaded format=pdflatex 2012.10.16)  17 APR 2015 16:37
entering extended mode
**REPORT.tex
(D:\GitHub\MAV-group6\REPORT.tex
LaTeX2e <2009/09/24>
Babel <v3.8l> and hyphenation patterns for english, afrikaans, ancientgreek, ar
abic, armenian, assamese, basque, bengali, bokmal, bulgarian, catalan, coptic, 
croatian, czech, danish, dutch, esperanto, estonian, farsi, finnish, french, ga
lician, german, german-x-2009-06-19, greek, gujarati, hindi, hungarian, iceland
ic, indonesian, interlingua, irish, italian, kannada, kurmanji, lao, latin, lat
vian, lithuanian, malayalam, marathi, mongolian, mongolianlmc, monogreek, ngerm
an, ngerman-x-2009-06-19, nynorsk, oriya, panjabi, pinyin, polish, portuguese, 
romanian, russian, sanskrit, serbian, slovak, slovenian, spanish, swedish, swis
sgerman, tamil, telugu, turkish, turkmen, ukenglish, ukrainian, uppersorbian, u
senglishmax, welsh, loaded.
("C:\Program Files (x86)\MiKTeX 2.9\tex\latex\base\article.cls"
Document Class: article 2007/10/19 v1.4h Standard LaTeX document class
("C:\Program Files (x86)\MiKTeX 2.9\tex\latex\base\size10.clo"
File: size10.clo 2007/10/19 v1.4h Standard LaTeX file (size option)
)
\c@part=\count79
\c@section=\count80
\c@subsection=\count81
\c@subsubsection=\count82
\c@paragraph=\count83
\c@subparagraph=\count84
\c@figure=\count85
\c@table=\count86
\abovecaptionskip=\skip41
\belowcaptionskip=\skip42
\bibindent=\dimen102
)
(D:\GitHub\MAV-group6\imav.sty
\titlebox=\skip43
)
("C:\Program Files (x86)\MiKTeX 2.9\tex\latex\psnfss\times.sty"
Package: times 2005/04/12 PSNFSS-v9.2a (SPQR) 
)
("C:\Program Files (x86)\MiKTeX 2.9\tex\latex\graphics\graphicx.sty"
Package: graphicx 1999/02/16 v1.0f Enhanced LaTeX Graphics (DPC,SPQR)

("C:\Program Files (x86)\MiKTeX 2.9\tex\latex\graphics\keyval.sty"
Package: keyval 1999/03/16 v1.13 key=value parser (DPC)
\KV@toks@=\toks14
)
("C:\Program Files (x86)\MiKTeX 2.9\tex\latex\graphics\graphics.sty"
Package: graphics 2009/02/05 v1.0o Standard LaTeX Graphics (DPC,SPQR)

("C:\Program Files (x86)\MiKTeX 2.9\tex\latex\graphics\trig.sty"
Package: trig 1999/03/16 v1.09 sin cos tan (DPC)
)
("C:\Program Files (x86)\MiKTeX 2.9\tex\latex\00miktex\graphics.cfg"
File: graphics.cfg 2007/01/18 v1.5 graphics configuration of teTeX/TeXLive
)
Package graphics Info: Driver file: pdftex.def on input line 91.

("C:\Program Files (x86)\MiKTeX 2.9\tex\latex\pdftex-def\pdftex.def"
File: pdftex.def 2010/11/26 v0.05c Graphics/color for pdfTeX
\Gread@gobject=\count87
))
\Gin@req@height=\dimen103
\Gin@req@width=\dimen104
)
("C:\Program Files (x86)\MiKTeX 2.9\tex\latex\algorithms\algorithm.sty"
Package: algorithm 2009/08/24 v0.1 Document Style `algorithm' - floating enviro
nment

("C:\Program Files (x86)\MiKTeX 2.9\tex\latex\float\float.sty"
Package: float 2001/11/08 v1.3d Float enhancements (AL)
\c@float@type=\count88
\float@exts=\toks15
\float@box=\box26
\@float@everytoks=\toks16
\@floatcapt=\box27
)
("C:\Program Files (x86)\MiKTeX 2.9\tex\latex\base\ifthen.sty"
Package: ifthen 2001/05/26 v1.1c Standard LaTeX ifthen package (DPC)
)
\@float@every@algorithm=\toks17
\c@algorithm=\count89
)
("C:\Program Files (x86)\MiKTeX 2.9\tex\latex\algorithms\algorithmic.sty"
Package: algorithmic 2009/08/24 v0.1 Document Style `algorithmic'
\c@ALC@unique=\count90
\c@ALC@line=\count91
\c@ALC@rem=\count92
\c@ALC@depth=\count93
\ALC@tlm=\skip44
\algorithmicindent=\skip45
)
("C:\Program Files (x86)\MiKTeX 2.9\tex\latex\wasysym\wasysym.sty"
Package: wasysym 2003/10/30 v2.0 Wasy-2 symbol support package
\symwasy=\mathgroup4
LaTeX Font Info:    Overwriting symbol font `wasy' in version `bold'
(Font)                  U/wasy/m/n --> U/wasy/b/n on input line 90.
)
("C:\Program Files (x86)\MiKTeX 2.9\tex\latex\graphics\color.sty"
Package: color 2005/11/14 v1.0j Standard LaTeX Color (DPC)

("C:\Program Files (x86)\MiKTeX 2.9\tex\latex\00miktex\color.cfg"
File: color.cfg 2007/01/18 v1.5 color configuration of teTeX/TeXLive
)
Package color Info: Driver file: pdftex.def on input line 130.
)
("C:\Program Files (x86)\MiKTeX 2.9\tex\latex\base\latexsym.sty"
Package: latexsym 1998/08/17 v2.2e Standard LaTeX package (lasy symbols)
\symlasy=\mathgroup5
LaTeX Font Info:    Overwriting symbol font `lasy' in version `bold'
(Font)                  U/lasy/m/n --> U/lasy/b/n on input line 47.
)
("C:\Program Files (x86)\MiKTeX 2.9\tex\generic\babel\babel.sty"
Package: babel 2008/07/06 v3.8l The Babel package

*************************************
* Local config file bblopts.cfg used
*
("C:\Program Files (x86)\MiKTeX 2.9\tex\latex\00miktex\bblopts.cfg"
File: bblopts.cfg 2006/07/31 v1.0 MiKTeX 'babel' configuration
)
("C:\Program Files (x86)\MiKTeX 2.9\tex\generic\babel\english.ldf"
Language: english 2005/03/30 v3.3o English support from the babel system

("C:\Program Files (x86)\MiKTeX 2.9\tex\generic\babel\babel.def"
File: babel.def 2008/07/06 v3.8l Babel common definitions
\babel@savecnt=\count94
\U@D=\dimen105
)
\l@canadian = a dialect from \language\l@american 
\l@australian = a dialect from \language\l@british 
\l@newzealand = a dialect from \language\l@british 
))
("C:\Program Files (x86)\MiKTeX 2.9\tex\latex\csquotes\csquotes.sty"
Package: csquotes 2010/11/19 v5.1 context-sensitive quotations

("C:\Program Files (x86)\MiKTeX 2.9\tex\latex\etoolbox\etoolbox.sty"
Package: etoolbox 2010/09/12 v2.0a e-TeX tools for LaTeX

("C:\Program Files (x86)\MiKTeX 2.9\tex\latex\misc\etex.sty"
Package: etex 1998/03/26 v2.0 eTeX basic definition package (PEB)
\et@xins=\count95
)
\etb@tempcnta=\count96
)
\csq@reset=\count97
\csq@gtype=\count98
\csq@glevel=\count99
\csq@qlevel=\count100
\csq@maxlvl=\count101
\csq@tshold=\count102
\csq@ltx@everypar=\toks18

("C:\Program Files (x86)\MiKTeX 2.9\tex\latex\csquotes\csquotes.def"
File: csquotes.def 2010/11/19 v5.1 csquotes generic definitions
)
Package csquotes Info: Trying to load configuration file 'csquotes.cfg'...
Package csquotes Info: ... configuration file loaded successfully.

("C:\Program Files (x86)\MiKTeX 2.9\tex\latex\csquotes\csquotes.cfg"
File: csquotes.cfg 
)
Package csquotes Info: Enabling multilingual quotes.
Package csquotes Info: Redefining alias 'english' -> 'english/american'.
)
Package csquotes Info: Allocating character ".

("C:\Program Files (x86)\MiKTeX 2.9\tex\latex\acronym\acronym.sty"
Package: acronym 2010/09/08 v1.36 Support for acronyms (Tobias Oetiker)

("C:\Program Files (x86)\MiKTeX 2.9\tex\latex\bigfoot\suffix.sty"
Package: suffix 2006/07/15 1.5 Variant command support
)
\AC@clearlist=\toks19
)
Package csquotes Info: Checking for multilingual support...
Package csquotes Info: ... found 'babel' package.

(D:\GitHub\MAV-group6\REPORT.aux)
LaTeX Font Info:    Checking defaults for OML/cmm/m/it on input line 33.
LaTeX Font Info:    ... okay on input line 33.
LaTeX Font Info:    Checking defaults for T1/cmr/m/n on input line 33.
LaTeX Font Info:    ... okay on input line 33.
LaTeX Font Info:    Checking defaults for OT1/cmr/m/n on input line 33.
LaTeX Font Info:    ... okay on input line 33.
LaTeX Font Info:    Checking defaults for OMS/cmsy/m/n on input line 33.
LaTeX Font Info:    ... okay on input line 33.
LaTeX Font Info:    Checking defaults for OMX/cmex/m/n on input line 33.
LaTeX Font Info:    ... okay on input line 33.
LaTeX Font Info:    Checking defaults for U/cmr/m/n on input line 33.
LaTeX Font Info:    ... okay on input line 33.
LaTeX Font Info:    Try loading font information for OT1+ptm on input line 33.

("C:\Program Files (x86)\MiKTeX 2.9\tex\latex\psnfss\ot1ptm.fd"
File: ot1ptm.fd 2001/06/04 font definitions for OT1/ptm.
)
("C:\Program Files (x86)\MiKTeX 2.9\tex\context\base\supp-pdf.mkii"
[Loading MPS to PDF converter (version 2006.09.02).]
\scratchcounter=\count103
\scratchdimen=\dimen106
\scratchbox=\box28
\nofMPsegments=\count104
\nofMParguments=\count105
\everyMPshowfont=\toks20
\MPscratchCnt=\count106
\MPscratchDim=\dimen107
\MPnumerator=\count107
\everyMPtoPDFconversion=\toks21
)
Package csquotes Info: Making character " active on input line 33.
LaTeX Font Info:    Font shape `OT1/ptm/bx/n' in size <20.74> not available
(Font)              Font shape `OT1/ptm/b/n' tried instead on input line 35.
LaTeX Font Info:    External font `cmex10' loaded for size
(Font)              <7> on input line 35.
LaTeX Font Info:    External font `cmex10' loaded for size
(Font)              <5> on input line 35.
LaTeX Font Info:    Try loading font information for U+wasy on input line 35.
 ("C:\Program Files (x86)\MiKTeX 2.9\tex\latex\wasysym\uwasy.fd"
File: uwasy.fd 2003/10/30 v2.0 Wasy-2 symbol font definitions
)
LaTeX Font Info:    Try loading font information for U+lasy on input line 35.

("C:\Program Files (x86)\MiKTeX 2.9\tex\latex\base\ulasy.fd"
File: ulasy.fd 1998/08/17 v2.2e LaTeX symbol font definitions
)
LaTeX Font Info:    External font `cmex10' loaded for size
(Font)              <8> on input line 35.
LaTeX Font Info:    External font `cmex10' loaded for size
(Font)              <6> on input line 35.
LaTeX Font Info:    Font shape `OT1/ptm/bx/sc' in size <10> not available
(Font)              Font shape `OT1/ptm/b/sc' tried instead on input line 37.
LaTeX Font Info:    Font shape `OT1/ptm/bx/n' in size <10> not available
(Font)              Font shape `OT1/ptm/b/n' tried instead on input line 38.

(D:\GitHub\MAV-group6\introduction.tex
LaTeX Font Info:    Font shape `OT1/ptm/bx/it' in size <10> not available
(Font)              Font shape `OT1/ptm/b/it' tried instead on input line 15.

<Figures/TheDrone.png, id=1, 920.68968pt x 536.75531pt>
File: Figures/TheDrone.png Graphic file (type png)

<use Figures/TheDrone.png>
Underfull \hbox (badness 2837) in paragraph at lines 27--28
[]\OT1/ptm/m/n/10 The Guid-ance, Nav-i-ga-tion, and Con-trol sys-tem of
 []


Underfull \vbox (badness 2351) has occurred while \output is active []

 [1{C:/ProgramData/MiKTeX/2.9/pdftex/config/pdftex.map}



 <D:/GitHub/MAV-group6/Figures/TheDrone.png (PNG copy)>] <Figures/TheCyberZoo.p
ng, id=11, 1648.1575pt x 1084.05pt>
File: Figures/TheCyberZoo.png Graphic file (type png)

<use Figures/TheCyberZoo.png>
<Figures/OptiTrackCyberZoo.png, id=13, 825.83531pt x 554.82281pt>
File: Figures/OptiTrackCyberZoo.png Graphic file (type png)

<use Figures/OptiTrackCyberZoo.png>

LaTeX Warning: `h' float specifier changed to `ht'.

<Figures/Markers.png, id=14, 645.16031pt x 568.37344pt>
File: Figures/Markers.png Graphic file (type png)

<use Figures/Markers.png>

LaTeX Warning: `h' float specifier changed to `ht'.

[2 <D:/GitHub/MAV-group6/Figures/TheCyberZoo.png> <D:/GitHub/MAV-group6/Figures
/OptiTrackCyberZoo.png (PNG copy)> <D:/GitHub/MAV-group6/Figures/Markers.png (P
NG copy)>]) (D:\GitHub\MAV-group6\lit_vision.tex

LaTeX Warning: Citation `Gibson' on page 3 undefined on input line 9.

LaTeX Font Info:    Try loading font information for OMS+ptm on input line 14.
("C:\Program Files (x86)\MiKTeX 2.9\tex\latex\psnfss\omsptm.fd"
File: omsptm.fd 
)
LaTeX Font Info:    Font shape `OMS/ptm/m/n' in size <10> not available
(Font)              Font shape `OMS/cmsy/m/n' tried instead on input line 14.
)
(D:\GitHub\MAV-group6\our_vision.tex [3]
<Figures/vision.png, id=24, 728.7225pt x 1005.7575pt>
File: Figures/vision.png Graphic file (type png)
 <use Figures/vision.png>
Overfull \hbox (9.03374pt too wide) in paragraph at lines 24--25
 [][] 
 []


Underfull \hbox (badness 10000) in paragraph at lines 29--30

 []

) [4 <D:/GitHub/MAV-group6/Figures/vision.png (PNG copy)>]
(D:\GitHub\MAV-group6\Seong_fp.tex
Underfull \hbox (badness 10000) in paragraph at lines 1--2

 []

<Figures/FP1.png, id=28, 971.12813pt x 633.86812pt>
File: Figures/FP1.png Graphic file (type png)
 <use Figures/FP1.png>
Overfull \hbox (9.03374pt too wide) in paragraph at lines 8--9
 [][] 
 []

) (D:\GitHub\MAV-group6\Peng_fp.tex
Underfull \vbox (badness 10000) has occurred while \output is active []

Package acronym Info: Label `acro:UAV' newly defined as it shall be overridden
although it is yet undefined on input line 16.

<Figures/fp.pdf, id=29, 152.77075pt x 162.28629pt>
File: Figures/fp.pdf Graphic file (type pdf)
 <use Figures/fp.pdf>
[5 <D:/GitHub/MAV-group6/Figures/FP1.png (PNG copy)>])
(D:\GitHub\MAV-group6\fp_discussion.tex) (D:\GitHub\MAV-group6\Yazdi_sim.tex
[6 <D:/GitHub/MAV-group6/Figures/fp.pdf>]
<Figures/TopViewSamples_3.png, id=53, 700.7781pt x 244.7544pt>
File: Figures/TopViewSamples_3.png Graphic file (type png)

<use Figures/TopViewSamples_3.png>
<Figures/CameraViewSamples_3.png, id=54, 708.9687pt x 146.4672pt>
File: Figures/CameraViewSamples_3.png Graphic file (type png)

<use Figures/CameraViewSamples_3.png>
<Figures/Calibrations.png, id=55, 724.8681pt x 293.898pt>
File: Figures/Calibrations.png Graphic file (type png)

<use Figures/Calibrations.png>
<Figures/Simulation_8Poles.png, id=56, 627.09282pt x 598.48593pt>
File: Figures/Simulation_8Poles.png Graphic file (type png)

<use Figures/Simulation_8Poles.png>) (D:\GitHub\MAV-group6\Seong_sim.tex
<Figures/matlab.jpg, id=57, 1124.2pt x 699.50223pt>
File: Figures/matlab.jpg Graphic file (type jpg)
 <use Figures/matlab.jpg>
Overfull \hbox (9.03374pt too wide) in paragraph at lines 5--6
 [][] 
 []

<Figures/paparazzi_sim.png, id=58, 377.91188pt x 272.51813pt>
File: Figures/paparazzi_sim.png Graphic file (type png)

<use Figures/paparazzi_sim.png>
Overfull \hbox (9.03374pt too wide) in paragraph at lines 11--12
 [][] 
 []

)

LaTeX Warning: `h' float specifier changed to `ht'.


LaTeX Warning: `h' float specifier changed to `ht'.

(D:\GitHub\MAV-group6\comp_results.tex
Underfull \hbox (badness 10000) in paragraph at lines 1--2

 []


Underfull \vbox (badness 1314) has occurred while \output is active []

 [7 <D:/GitHub/MAV-group6/Figures/TopViewSamples_3.png (PNG copy)> <D:/GitHub/M
AV-group6/Figures/CameraViewSamples_3.png (PNG copy)> <D:/GitHub/MAV-group6/Fig
ures/Calibrations.png (PNG copy)> <D:/GitHub/MAV-group6/Figures/Simulation_8Pol
es.png (PNG copy)>]
Underfull \hbox (badness 2150) in paragraph at lines 3--4
[]\OT1/ptm/m/n/10 During the ac-tual com-pe-ti-tion, the black wall was
 []


Underfull \hbox (badness 10000) in paragraph at lines 3--4

 []


Underfull \hbox (badness 10000) in paragraph at lines 5--6

 []

[8 <D:/GitHub/MAV-group6/Figures/matlab.jpg> <D:/GitHub/MAV-group6/Figures/papa
razzi_sim.png>]) (D:\GitHub\MAV-group6\conclusion.tex)
(D:\GitHub\MAV-group6\REPORT.bbl
Missing character: There is no Ì in font ptmr7t!
Missing character: There is no € in font ptmr7t!
Missing character: There is no Ì in font ptmr7t!
Missing character: There is no § in font ptmr7t!

Underfull \hbox (badness 1077) in paragraph at lines 10--16
[]\OT1/ptm/m/n/10 J. Pes-tana, I. Mellado-Bataller, Changhong Fu, J.L.
 []

Missing character: There is no Ã in font ptmr7t!
Missing character: There is no © in font ptmr7t!
Missing character: There is no Ã in font ptmr7t!
Missing character: There is no © in font ptmr7t!
Missing character: There is no Ã in font ptmr7t!
Missing character: There is no ¡ in font ptmr7t!
Missing character: There is no Ã in font ptmr7t!
Missing character: There is no ­ in font ptmr7t!
Missing character: There is no Ã in font ptmr7t!
Missing character: There is no © in font ptmr7t!
Missing character: There is no Ã in font ptmr7t!
Missing character: There is no “ in font ptmr7t!
) [9] (D:\GitHub\MAV-group6\REPORT.aux)

LaTeX Warning: There were undefined references.


LaTeX Warning: Label(s) may have changed. Rerun to get cross-references right.

 ) 
Here is how much of TeX's memory you used:
 3062 strings out of 494019
 41849 string characters out of 3143914
 111294 words of memory out of 3000000
 6253 multiletter control sequences out of 15000+200000
 20730 words of font info for 48 fonts, out of 3000000 for 9000
 714 hyphenation exceptions out of 8191
 30i,9n,24p,1260b,250s stack positions out of 5000i,500n,10000p,200000b,50000s
{C:/Program Files (x86)/MiKTeX 2.9/fonts/enc/dvips/fontname/8r.enc}<C:/Progra
m Files (x86)/MiKTeX 2.9/fonts/type1/public/amsfonts/cm/cmmi10.pfb><C:/Program 
Files (x86)/MiKTeX 2.9/fonts/type1/public/amsfonts/cm/cmmi7.pfb><C:/Program Fil
es (x86)/MiKTeX 2.9/fonts/type1/public/amsfonts/cm/cmr10.pfb><C:/Program Files 
(x86)/MiKTeX 2.9/fonts/type1/public/amsfonts/cm/cmr7.pfb><C:/Program Files (x86
)/MiKTeX 2.9/fonts/type1/public/amsfonts/cm/cmsy10.pfb><C:/Program Files (x86)/
MiKTeX 2.9/fonts/type1/public/amsfonts/cm/cmsy6.pfb><C:/Program Files (x86)/MiK
TeX 2.9/fonts/type1/public/amsfonts/cm/cmsy7.pfb><C:/Program Files (x86)/MiKTeX
 2.9/fonts/type1/urw/times/utmb8a.pfb><C:/Program Files (x86)/MiKTeX 2.9/fonts/
type1/urw/times/utmbi8a.pfb><C:/Program Files (x86)/MiKTeX 2.9/fonts/type1/urw/
times/utmr8a.pfb><C:/Program Files (x86)/MiKTeX 2.9/fonts/type1/urw/times/utmri
8a.pfb>
Output written on REPORT.pdf (9 pages, 9196372 bytes).
PDF statistics:
 104 PDF objects out of 1000 (max. 8388607)
 0 named destinations out of 1000 (max. 500000)
 66 words of extra memory for PDF output out of 10000 (max. 10000000)

